\BOOKMARK [0][-]{chapter.1}{Introduction}{}% 1
\BOOKMARK [1][-]{section.1.1}{Current\040State\040of\040The\040Art}{chapter.1}% 2
\BOOKMARK [1][-]{section.1.2}{Goals}{chapter.1}% 3
\BOOKMARK [0][-]{chapter.2}{Theory\040and\040Planning}{}% 4
\BOOKMARK [1][-]{section.2.1}{Principle\040of\040Operation}{chapter.2}% 5
\BOOKMARK [2][-]{subsection.2.1.1}{Persistence\040of\040Vision}{section.2.1}% 6
\BOOKMARK [2][-]{subsection.2.1.2}{Exploiting\040Persistence\040of\040Vision}{section.2.1}% 7
\BOOKMARK [1][-]{section.2.2}{Specifications}{chapter.2}% 8
\BOOKMARK [1][-]{section.2.3}{Components}{chapter.2}% 9
\BOOKMARK [2][-]{subsection.2.3.1}{Control}{section.2.3}% 10
\BOOKMARK [2][-]{subsection.2.3.2}{Data\040Transmission}{section.2.3}% 11
\BOOKMARK [2][-]{subsection.2.3.3}{LED\040drivers}{section.2.3}% 12
\BOOKMARK [2][-]{subsection.2.3.4}{LEDs}{section.2.3}% 13
\BOOKMARK [2][-]{subsection.2.3.5}{Capacitors}{section.2.3}% 14
\BOOKMARK [2][-]{subsection.2.3.6}{Motor}{section.2.3}% 15
\BOOKMARK [2][-]{subsection.2.3.7}{Power\040Transmission}{section.2.3}% 16
\BOOKMARK [1][-]{section.2.4}{Circuit\040Diagram}{chapter.2}% 17
\BOOKMARK [2][-]{subsection.2.4.1}{Data\040Interface}{section.2.4}% 18
\BOOKMARK [2][-]{subsection.2.4.2}{LED\040Drivers}{section.2.4}% 19
\BOOKMARK [2][-]{subsection.2.4.3}{LEDs}{section.2.4}% 20
\BOOKMARK [1][-]{section.2.5}{PCB\040Design}{chapter.2}% 21
\BOOKMARK [2][-]{subsection.2.5.1}{General\040Remarks}{section.2.5}% 22
\BOOKMARK [2][-]{subsection.2.5.2}{Space-saving\040measures}{section.2.5}% 23
\BOOKMARK [2][-]{subsection.2.5.3}{Thermal\040Considerations}{section.2.5}% 24
\BOOKMARK [0][-]{chapter.3}{Fabrication}{}% 25
\BOOKMARK [1][-]{section.3.1}{Circuit\040Boards}{chapter.3}% 26
\BOOKMARK [2][-]{subsection.3.1.1}{Fabrication}{section.3.1}% 27
\BOOKMARK [2][-]{subsection.3.1.2}{Assembly}{section.3.1}% 28
\BOOKMARK [2][-]{subsection.3.1.3}{Testing\040and\040Debugging}{section.3.1}% 29
\BOOKMARK [1][-]{section.3.2}{Physical\040Assembly}{chapter.3}% 30
\BOOKMARK [2][-]{subsection.3.2.1}{Frame}{section.3.2}% 31
\BOOKMARK [2][-]{subsection.3.2.2}{Slip\040Rings}{section.3.2}% 32
\BOOKMARK [2][-]{subsection.3.2.3}{Controller}{section.3.2}% 33
\BOOKMARK [2][-]{subsection.3.2.4}{Circuit\040Boards}{section.3.2}% 34
\BOOKMARK [0][-]{chapter.4}{Programming}{}% 35
\BOOKMARK [1][-]{section.4.1}{Used\040Software}{chapter.4}% 36
\BOOKMARK [1][-]{section.4.2}{Timing}{chapter.4}% 37
\BOOKMARK [2][-]{subsection.4.2.1}{Theory}{section.4.2}% 38
\BOOKMARK [2][-]{subsection.4.2.2}{Implementation}{section.4.2}% 39
\BOOKMARK [1][-]{section.4.3}{Data\040storage\040and\040display}{chapter.4}% 40
\BOOKMARK [1][-]{section.4.4}{Miscellaneous}{chapter.4}% 41
\BOOKMARK [1][-]{section.4.5}{Image\040Creation}{chapter.4}% 42
\BOOKMARK [2][-]{subsection.4.5.1}{Basics}{section.4.5}% 43
\BOOKMARK [2][-]{subsection.4.5.2}{Straight\040lines}{section.4.5}% 44
\BOOKMARK [2][-]{subsection.4.5.3}{Spheres}{section.4.5}% 45
\BOOKMARK [2][-]{subsection.4.5.4}{Planes}{section.4.5}% 46
\BOOKMARK [2][-]{subsection.4.5.5}{Functions}{section.4.5}% 47
\BOOKMARK [2][-]{subsection.4.5.6}{Ada\040colourditional\040functionality}{section.4.5}% 48
\BOOKMARK [0][-]{chapter.5}{Operation}{}% 49
\BOOKMARK [1][-]{section.5.1}{Power\040Supply}{chapter.5}% 50
\BOOKMARK [1][-]{section.5.2}{Mechanical\040Problems}{chapter.5}% 51
\BOOKMARK [0][-]{chapter.6}{Conclusions}{}% 52
\BOOKMARK [1][-]{section.6.1}{Possible\040Improvements}{chapter.6}% 53
\BOOKMARK [2][-]{subsection.6.1.1}{Controller\040and\040Data\040Transmission}{section.6.1}% 54
\BOOKMARK [2][-]{subsection.6.1.2}{Slip\040Rings}{section.6.1}% 55
\BOOKMARK [2][-]{subsection.6.1.3}{Motor}{section.6.1}% 56
\BOOKMARK [1][-]{section.6.2}{Future\040Outlook}{chapter.6}% 57
\BOOKMARK [2][-]{subsection.6.2.1}{Animated\040images}{section.6.2}% 58
\BOOKMARK [2][-]{subsection.6.2.2}{Interactive\040Programs}{section.6.2}% 59
\BOOKMARK [2][-]{subsection.6.2.3}{Applications}{section.6.2}% 60
